build/outputs/logs/manifest-merger-debug-report.txt
-- Merging decision tree log ---
manifest
ADDED from src\main\AndroidManifest.xml:2:1-116:12
INJECTED from src\main\AndroidManifest.xml:2:1-116:12
INJECTED from src\main\AndroidManifest.xml:2:1-116:12
INJECTED from src\main\AndroidManifest.xml:2:1-116:12
MERGED from [com.android.support:support-v4:23.4.0] AndroidManifest.xml:17:1-24:12
INJECTED from src\main\AndroidManifest.xml:2:1-116:12
INJECTED from src\main\AndroidManifest.xml:2:1-116:12
INJECTED from src\main\AndroidManifest.xml:2:1-116:12
	package
		ADDED from src\main\AndroidManifest.xml:3:5-36
		INJECTED from src\main\AndroidManifest.xml
		INJECTED from src\main\AndroidManifest.xml
	android:versionName
		ADDED from src\main\AndroidManifest.xml:5:5-40
		INJECTED from src\main\AndroidManifest.xml
		INJECTED from src\main\AndroidManifest.xml
	xmlns:android
		ADDED from src\main\AndroidManifest.xml:2:11-69
	android:versionCode
		ADDED from src\main\AndroidManifest.xml:4:5-28
		INJECTED from src\main\AndroidManifest.xml
		INJECTED from src\main\AndroidManifest.xml
application
ADDED from src\main\AndroidManifest.xml:7:5-98:19
MERGED from [com.android.support:support-v4:23.4.0] AndroidManifest.xml:22:5-20
MERGED from [com.android.support:support-v4:23.4.0] AndroidManifest.xml:22:5-20
	android:label
		ADDED from src\main\AndroidManifest.xml:10:9-31
	android:icon
		ADDED from src\main\AndroidManifest.xml:8:9-38
	android:name
		ADDED from src\main\AndroidManifest.xml:9:9-33
activity#com.iflytek.voicedemo.MainActivity
ADDED from src\main\AndroidManifest.xml:11:9-22:20
	android:screenOrientation
		ADDED from src\main\AndroidManifest.xml:16:13-49
	android:label
		ADDED from src\main\AndroidManifest.xml:15:13-35
	android:configChanges
		ADDED from src\main\AndroidManifest.xml:13:13-133
	android:icon
		ADDED from src\main\AndroidManifest.xml:14:13-42
	android:name
		ADDED from src\main\AndroidManifest.xml:12:13-62
intent-filter#android.intent.action.MAIN+android.intent.category.LAUNCHER
ADDED from src\main\AndroidManifest.xml:17:13-21:29
action#android.intent.action.MAIN
ADDED from src\main\AndroidManifest.xml:18:17-69
	android:name
		ADDED from src\main\AndroidManifest.xml:18:25-66
category#android.intent.category.LAUNCHER
ADDED from src\main\AndroidManifest.xml:20:17-77
	android:name
		ADDED from src\main\AndroidManifest.xml:20:27-74
activity#com.iflytek.speech.setting.TtsSettings
ADDED from src\main\AndroidManifest.xml:23:9-24:20
	android:name
		ADDED from src\main\AndroidManifest.xml:23:19-72
activity#com.iflytek.speech.setting.IatSettings
ADDED from src\main\AndroidManifest.xml:25:9-26:20
	android:name
		ADDED from src\main\AndroidManifest.xml:25:19-72
activity#com.iflytek.speech.setting.UnderstanderSettings
ADDED from src\main\AndroidManifest.xml:27:9-28:20
	android:name
		ADDED from src\main\AndroidManifest.xml:27:19-81
activity#com.iflytek.voicedemo.IatDemo
ADDED from src\main\AndroidManifest.xml:29:9-33:20
	android:screenOrientation
		ADDED from src\main\AndroidManifest.xml:32:13-49
	android:configChanges
		ADDED from src\main\AndroidManifest.xml:31:13-133
	android:name
		ADDED from src\main\AndroidManifest.xml:30:13-57
activity#com.iflytek.voicedemo.AsrDemo
ADDED from src\main\AndroidManifest.xml:34:9-38:20
	android:screenOrientation
		ADDED from src\main\AndroidManifest.xml:37:13-49
	android:configChanges
		ADDED from src\main\AndroidManifest.xml:36:13-133
	android:name
		ADDED from src\main\AndroidManifest.xml:35:13-57
activity#com.iflytek.voicedemo.UnderstanderDemo
ADDED from src\main\AndroidManifest.xml:39:9-43:20
	android:screenOrientation
		ADDED from src\main\AndroidManifest.xml:42:13-49
	android:configChanges
		ADDED from src\main\AndroidManifest.xml:41:13-133
	android:name
		ADDED from src\main\AndroidManifest.xml:40:13-66
activity#com.iflytek.voicedemo.TtsDemo
ADDED from src\main\AndroidManifest.xml:44:9-48:20
	android:screenOrientation
		ADDED from src\main\AndroidManifest.xml:47:13-49
	android:configChanges
		ADDED from src\main\AndroidManifest.xml:46:13-133
	android:name
		ADDED from src\main\AndroidManifest.xml:45:13-57
activity#com.iflytek.voicedemo.IseDemo
ADDED from src\main\AndroidManifest.xml:49:9-53:20
	android:screenOrientation
		ADDED from src\main\AndroidManifest.xml:52:13-49
	android:configChanges
		ADDED from src\main\AndroidManifest.xml:51:13-133
	android:name
		ADDED from src\main\AndroidManifest.xml:50:13-57
activity#com.iflytek.voicedemo.vocalverify.VocalVerifyDemo
ADDED from src\main\AndroidManifest.xml:54:9-58:20
	android:screenOrientation
		ADDED from src\main\AndroidManifest.xml:57:13-49
	android:configChanges
		ADDED from src\main\AndroidManifest.xml:56:13-133
	android:name
		ADDED from src\main\AndroidManifest.xml:55:13-77
activity#com.iflytek.voicedemo.faceonline.OnlineFaceDemo
ADDED from src\main\AndroidManifest.xml:59:9-63:20
	android:screenOrientation
		ADDED from src\main\AndroidManifest.xml:62:13-49
	android:configChanges
		ADDED from src\main\AndroidManifest.xml:61:13-133
	android:name
		ADDED from src\main\AndroidManifest.xml:60:13-75
activity#com.iflytek.voicedemo.IdentifyGroup.GroupManagerActivity
ADDED from src\main\AndroidManifest.xml:64:9-68:20
	android:screenOrientation
		ADDED from src\main\AndroidManifest.xml:67:13-49
	android:configChanges
		ADDED from src\main\AndroidManifest.xml:66:13-133
	android:name
		ADDED from src\main\AndroidManifest.xml:65:13-84
activity#com.iflytek.voicedemo.IdentifyGroup.FaceIdentifyActivity
ADDED from src\main\AndroidManifest.xml:69:9-73:20
	android:screenOrientation
		ADDED from src\main\AndroidManifest.xml:72:13-49
	android:configChanges
		ADDED from src\main\AndroidManifest.xml:71:13-133
	android:name
		ADDED from src\main\AndroidManifest.xml:70:13-84
activity#com.iflytek.voicedemo.IdentifyGroup.VocalIdentifyActivity
ADDED from src\main\AndroidManifest.xml:74:9-78:20
	android:screenOrientation
		ADDED from src\main\AndroidManifest.xml:77:13-49
	android:configChanges
		ADDED from src\main\AndroidManifest.xml:76:13-133
	android:name
		ADDED from src\main\AndroidManifest.xml:75:13-85
activity#com.iflytek.voicedemo.IdentifyGroup.ResultIdentifyActivity
ADDED from src\main\AndroidManifest.xml:79:9-83:20
	android:screenOrientation
		ADDED from src\main\AndroidManifest.xml:82:13-49
	android:configChanges
		ADDED from src\main\AndroidManifest.xml:81:13-133
	android:name
		ADDED from src\main\AndroidManifest.xml:80:13-86
activity#com.iflytek.speech.setting.IseSettings
ADDED from src\main\AndroidManifest.xml:84:9-88:20
	android:screenOrientation
		ADDED from src\main\AndroidManifest.xml:87:13-49
	android:configChanges
		ADDED from src\main\AndroidManifest.xml:86:13-133
	android:name
		ADDED from src\main\AndroidManifest.xml:85:13-66
meta-data#IFLYTEK_APPKEY
ADDED from src\main\AndroidManifest.xml:90:9-92:42
	android:value
		ADDED from src\main\AndroidManifest.xml:92:13-29
	android:name
		ADDED from src\main\AndroidManifest.xml:91:13-42
meta-data#IFLYTEK_CHANNEL
ADDED from src\main\AndroidManifest.xml:93:9-95:44
	android:value
		ADDED from src\main\AndroidManifest.xml:95:13-41
	android:name
		ADDED from src\main\AndroidManifest.xml:94:13-43
uses-sdk
ADDED from src\main\AndroidManifest.xml:100:5-43
INJECTED from src\main\AndroidManifest.xml:100:5-43
INJECTED from src\main\AndroidManifest.xml:100:5-43
MERGED from [com.android.support:support-v4:23.4.0] AndroidManifest.xml:20:5-43
MERGED from [com.android.support:support-v4:23.4.0] AndroidManifest.xml:20:5-43
INJECTED from src\main\AndroidManifest.xml:100:5-43
INJECTED from src\main\AndroidManifest.xml:100:5-43
	android:targetSdkVersion
		INJECTED from src\main\AndroidManifest.xml
		ADDED from src\main\AndroidManifest.xml:100:5-43
		INJECTED from src\main\AndroidManifest.xml
	android:minSdkVersion
		ADDED from src\main\AndroidManifest.xml:100:15-40
		INJECTED from src\main\AndroidManifest.xml
		INJECTED from src\main\AndroidManifest.xml
uses-permission#android.permission.RECORD_AUDIO
ADDED from src\main\AndroidManifest.xml:102:5-71
	android:name
		ADDED from src\main\AndroidManifest.xml:102:22-68
uses-permission#android.permission.INTERNET
ADDED from src\main\AndroidManifest.xml:103:5-67
	android:name
		ADDED from src\main\AndroidManifest.xml:103:22-64
uses-permission#android.permission.ACCESS_NETWORK_STATE
ADDED from src\main\AndroidManifest.xml:104:5-79
	android:name
		ADDED from src\main\AndroidManifest.xml:104:22-76
uses-permission#android.permission.ACCESS_WIFI_STATE
ADDED from src\main\AndroidManifest.xml:105:5-76
	android:name
		ADDED from src\main\AndroidManifest.xml:105:22-73
uses-permission#android.permission.CHANGE_NETWORK_STATE
ADDED from src\main\AndroidManifest.xml:106:5-79
	android:name
		ADDED from src\main\AndroidManifest.xml:106:22-76
uses-permission#android.permission.READ_PHONE_STATE
ADDED from src\main\AndroidManifest.xml:107:5-75
	android:name
		ADDED from src\main\AndroidManifest.xml:107:22-72
uses-permission#android.permission.ACCESS_FINE_LOCATION
ADDED from src\main\AndroidManifest.xml:108:5-79
	android:name
		ADDED from src\main\AndroidManifest.xml:108:22-76
uses-permission#android.permission.READ_CONTACTS
ADDED from src\main\AndroidManifest.xml:109:5-72
	android:name
		ADDED from src\main\AndroidManifest.xml:109:22-69
uses-permission#android.permission.WRITE_EXTERNAL_STORAGE
ADDED from src\main\AndroidManifest.xml:110:5-81
	android:name
		ADDED from src\main\AndroidManifest.xml:110:22-78
uses-permission#android.permission.WRITE_SETTINGS
ADDED from src\main\AndroidManifest.xml:111:2-70
	android:name
		ADDED from src\main\AndroidManifest.xml:111:19-67
uses-permission#android.permission.READ_EXTERNAL_STORAGE
ADDED from src\main\AndroidManifest.xml:112:2-77
	android:name
		ADDED from src\main\AndroidManifest.xml:112:19-74
uses-permission#android.permission.ACCESS_COARSE_LOCATION
ADDED from src\main\AndroidManifest.xml:114:5-81
	android:name
		ADDED from src\main\AndroidManifest.xml:114:22-78